生成启动时间为 2021/5/7 10:54:59。
     1>项目“L:\日常代码练习\WordCount\WordCount\WordCount.vcxproj”在节点 2 上(build 个目标)。
     1>PrepareForBuild:
         正在创建目录“L:\日常代码练习\WordCount\Debug\”。
       InitializeBuildStatus:
         正在创建“Debug\WordCount.unsuccessfulbuild”，因为已指定“AlwaysCreate”。
       ClCompile:
         c:\Users\灵颜\Downloads\VC\bin\CL.exe /c /ZI /nologo /W3 /WX- /Od /Oy- /D WIN32 /D _DEBUG /D _CONSOLE /D _UNICODE /D UNICODE /Gm /EHsc /RTC1 /MDd /GS /fp:precise /Zc:wchar_t /Zc:forScope /Fo"Debug\\" /Fd"Debug\vc100.pdb" /Gd /TC /analyze- /errorReport:prompt WordCount.c
         WordCount.c
     1>l:\日常代码练习\wordcount\wordcount\wordcount.c(10): warning C4996: 'fopen': This function or variable may be unsafe. Consider using fopen_s instead. To disable deprecation, use _CRT_SECURE_NO_WARNINGS. See online help for details.
                 c:\users\灵颜\downloads\vc\include\stdio.h(234) : 参见“fopen”的声明
     1>l:\日常代码练习\wordcount\wordcount\wordcount.c(30): warning C4996: 'fopen': This function or variable may be unsafe. Consider using fopen_s instead. To disable deprecation, use _CRT_SECURE_NO_WARNINGS. See online help for details.
                 c:\users\灵颜\downloads\vc\include\stdio.h(234) : 参见“fopen”的声明
       ManifestResourceCompile:
         c:\Program Files (x86)\Microsoft SDKs\Windows\v7.0A\bin\rc.exe /nologo /fo"Debug\WordCount.exe.embed.manifest.res" Debug\WordCount_manifest.rc 
       Link:
         c:\Users\灵颜\Downloads\VC\bin\link.exe /ERRORREPORT:PROMPT /OUT:"L:\日常代码练习\WordCount\Debug\WordCount.exe" /INCREMENTAL /NOLOGO kernel32.lib user32.lib gdi32.lib winspool.lib comdlg32.lib advapi32.lib shell32.lib ole32.lib oleaut32.lib uuid.lib odbc32.lib odbccp32.lib /MANIFEST /ManifestFile:"Debug\WordCount.exe.intermediate.manifest" /MANIFESTUAC:"level='asInvoker' uiAccess='false'" /DEBUG /PDB:"L:\日常代码练习\WordCount\Debug\WordCount.pdb" /SUBSYSTEM:CONSOLE /TLBID:1 /DYNAMICBASE /NXCOMPAT /IMPLIB:"L:\日常代码练习\WordCount\Debug\WordCount.lib" /MACHINE:X86 Debug\WordCount.exe.embed.manifest.res
         Debug\WordCount.obj
       Manifest:
         c:\Program Files (x86)\Microsoft SDKs\Windows\v7.0A\bin\mt.exe /nologo /verbose /out:"Debug\WordCount.exe.embed.manifest" /manifest Debug\WordCount.exe.intermediate.manifest
         c:\Program Files (x86)\Microsoft SDKs\Windows\v7.0A\bin\rc.exe /nologo /fo"Debug\WordCount.exe.embed.manifest.res" Debug\WordCount_manifest.rc 
       LinkEmbedManifest:
         c:\Users\灵颜\Downloads\VC\bin\link.exe /ERRORREPORT:PROMPT /OUT:"L:\日常代码练习\WordCount\Debug\WordCount.exe" /INCREMENTAL /NOLOGO kernel32.lib user32.lib gdi32.lib winspool.lib comdlg32.lib advapi32.lib shell32.lib ole32.lib oleaut32.lib uuid.lib odbc32.lib odbccp32.lib /MANIFEST /ManifestFile:"Debug\WordCount.exe.intermediate.manifest" /MANIFESTUAC:"level='asInvoker' uiAccess='false'" /DEBUG /PDB:"L:\日常代码练习\WordCount\Debug\WordCount.pdb" /SUBSYSTEM:CONSOLE /TLBID:1 /DYNAMICBASE /NXCOMPAT /IMPLIB:"L:\日常代码练习\WordCount\Debug\WordCount.lib" /MACHINE:X86 Debug\WordCount.exe.embed.manifest.res
         Debug\WordCount.obj
         WordCount.vcxproj -> L:\日常代码练习\WordCount\Debug\WordCount.exe
       FinalizeBuildStatus:
         正在删除文件“Debug\WordCount.unsuccessfulbuild”。
         正在对“Debug\WordCount.lastbuildstate”执行 Touch 任务。
     1>已完成生成项目“L:\日常代码练习\WordCount\WordCount\WordCount.vcxproj”(build 个目标)的操作。

生成成功。

已用时间 00:00:04.09
